<?xml version="1.0" encoding="UTF-8"?>
<beans xmlns="http://www.springframework.org/schema/beans"
	xmlns:xsi="http://www.w3.org/2001/XMLSchema-instance"
	xmlns:cloud="http://schema.cloudfoundry.org/spring"
	xmlns:mongo="http://www.springframework.org/schema/data/mongo"
	xmlns:context="http://www.springframework.org/schema/context"
	xsi:schemaLocation="http://www.springframework.org/schema/data/mongo http://www.springframework.org/schema/data/mongo/spring-mongo-1.0.xsd
		http://schema.cloudfoundry.org/spring http://schema.cloudfoundry.org/spring/cloudfoundry-spring-0.8.xsd
		http://www.springframework.org/schema/beans http://www.springframework.org/schema/beans/spring-beans-3.1.xsd
		http://www.springframework.org/schema/context http://www.springframework.org/schema/context/spring-context-3.1.xsd">

	<mongo:mapping-converter id="mongoConverter">
		<mongo:custom-converters base-package="org.springframework.data.demo.convert" />
	</mongo:mapping-converter>
	
	<bean id="mongoTemplate" class="org.springframework.data.mongodb.core.MongoTemplate">
		<constructor-arg name="mongoDbFactory" ref="mongoDbFactory" />
	    <constructor-arg name="mongoConverter" ref="mongoConverter"/>
	</bean>

	<mongo:db-factory host="localhost" port="27017" dbname="test" />

</beans>
